c:\users\feng8\documents\github\graphics_project3\debug\vc140.pdb
c:\users\feng8\documents\github\graphics_project3\debug\vc140.idb
c:\users\feng8\documents\github\graphics_project3\debug\square.obj
c:\users\feng8\documents\github\graphics_project3\debug\sphere.obj
c:\users\feng8\documents\github\graphics_project3\debug\cylinder.obj
c:\users\feng8\documents\github\graphics_project3\debug\cone.obj
c:\users\feng8\documents\github\graphics_project3\debug\box.obj
c:\users\feng8\documents\github\graphics_project3\debug\scene.obj
c:\users\feng8\documents\github\graphics_project3\debug\ray.obj
c:\users\feng8\documents\github\graphics_project3\debug\material.obj
c:\users\feng8\documents\github\graphics_project3\debug\light.obj
c:\users\feng8\documents\github\graphics_project3\debug\camera.obj
c:\users\feng8\documents\github\graphics_project3\debug\vecmath.obj
c:\users\feng8\documents\github\graphics_project3\debug\read.obj
c:\users\feng8\documents\github\graphics_project3\debug\parse.obj
c:\users\feng8\documents\github\graphics_project3\debug\bitmap.obj
c:\users\feng8\documents\github\graphics_project3\debug\traceui.obj
c:\users\feng8\documents\github\graphics_project3\debug\traceglwindow.obj
c:\users\feng8\documents\github\graphics_project3\debug\quadric.obj
c:\users\feng8\documents\github\graphics_project3\debug\raytracer.obj
c:\users\feng8\documents\github\graphics_project3\debug\main.obj
c:\users\feng8\documents\github\graphics_project3\debug\getopt.obj
c:\users\feng8\documents\github\graphics_project3\debug\trimesh.obj
c:\users\feng8\documents\github\graphics_project3\debug\ray.ilk
c:\users\feng8\documents\github\graphics_project3\debug\ray.exe
c:\users\feng8\documents\github\graphics_project3\debug\ray.pdb
c:\users\feng8\documents\github\graphics_project3\.\debug\ray.exe
c:\users\feng8\documents\github\graphics_project3\debug\ray.tlog\cl.command.1.tlog
c:\users\feng8\documents\github\graphics_project3\debug\ray.tlog\cl.read.1.tlog
c:\users\feng8\documents\github\graphics_project3\debug\ray.tlog\cl.write.1.tlog
c:\users\feng8\documents\github\graphics_project3\debug\ray.tlog\link.command.1.tlog
c:\users\feng8\documents\github\graphics_project3\debug\ray.tlog\link.read.1.tlog
c:\users\feng8\documents\github\graphics_project3\debug\ray.tlog\link.write.1.tlog
